c:\users\paul\source\repos\laba3\laba3\debug\vc141.pdb
c:\users\paul\source\repos\laba3\laba3\debug\vc141.idb
c:\users\paul\source\repos\laba3\laba3\debug\vector.obj
c:\users\paul\source\repos\laba3\laba3\debug\main.obj
c:\users\paul\source\repos\laba3\laba3\debug\graph.obj
c:\users\paul\source\repos\laba3\laba3\debug\graf.obj
c:\users\paul\source\repos\laba3\laba3\debug\list.obj
c:\users\paul\desktop\laba3_copy\laba3\debug\vc141.pdb
c:\users\paul\desktop\laba3_copy\laba3\debug\vc141.idb
c:\users\paul\desktop\laba3_copy\laba3\debug\main.obj
c:\users\paul\desktop\laba3_copy\laba3\debug\graf.obj
c:\users\paul\desktop\laba3_copy\laba3\debug\list.obj
c:\users\paul\source\repos\laba3\debug\laba3.exe
c:\users\paul\source\repos\laba3\debug\laba3.ilk
c:\users\paul\source\repos\laba3\debug\laba3.pdb
c:\users\paul\desktop\laba3_copy\laba3\debug\graph.obj
c:\users\paul\desktop\laba3_copy\laba3\debug\vector.obj
c:\users\paul\desktop\laba3_copy\debug\laba3.pdb
c:\users\paul\desktop\laba3_copy\laba3\debug\laba3.tlog\cl.command.1.tlog
c:\users\paul\desktop\laba3_copy\laba3\debug\laba3.tlog\cl.read.1.tlog
c:\users\paul\desktop\laba3_copy\laba3\debug\laba3.tlog\cl.write.1.tlog
c:\users\paul\desktop\laba3_copy\laba3\debug\laba3.tlog\link-cvtres.read.1.tlog
c:\users\paul\desktop\laba3_copy\laba3\debug\laba3.tlog\link-cvtres.write.1.tlog
c:\users\paul\desktop\laba3_copy\laba3\debug\laba3.tlog\link-rc.read.1.tlog
c:\users\paul\desktop\laba3_copy\laba3\debug\laba3.tlog\link-rc.write.1.tlog
c:\users\paul\desktop\laba3_copy\laba3\debug\laba3.tlog\link.6688-cvtres.read.1.tlog
c:\users\paul\desktop\laba3_copy\laba3\debug\laba3.tlog\link.6688-cvtres.write.1.tlog
c:\users\paul\desktop\laba3_copy\laba3\debug\laba3.tlog\link.6688-rc.read.1.tlog
c:\users\paul\desktop\laba3_copy\laba3\debug\laba3.tlog\link.6688-rc.write.1.tlog
c:\users\paul\desktop\laba3_copy\laba3\debug\laba3.tlog\link.6688.read.1.tlog
c:\users\paul\desktop\laba3_copy\laba3\debug\laba3.tlog\link.6688.write.1.tlog
c:\users\paul\desktop\laba3_copy\laba3\debug\laba3.tlog\link.command.1.tlog
c:\users\paul\desktop\laba3_copy\laba3\debug\laba3.tlog\link.read.1.tlog
c:\users\paul\desktop\laba3_copy\laba3\debug\laba3.tlog\link.write.1.tlog
